<?xml version="1.0" encoding="UTF-8"?>
<testng-results skipped="0" failed="0" total="1" passed="1">
  <reporter-output>
  </reporter-output>
  <suite name="Cucumber Login" duration-ms="12203" started-at="2017-01-11T23:37:20Z" finished-at="2017-01-11T23:37:33Z">
    <groups>
      <group name="cucumber">
        <method signature="AbstractTestNGCucumberTests.feature(cucumber.api.testng.CucumberFeatureWrapper)[pri:0, instance:org.funjala.automation.web.pivotal.steps.login.loginRunner@7f9a81e8]" name="feature" class="cucumber.api.testng.AbstractTestNGCucumberTests"/>
      </group> <!-- cucumber -->
    </groups>
    <test name="Sign-In on Pivotal Tracker" duration-ms="12203" started-at="2017-01-11T23:37:20Z" finished-at="2017-01-11T23:37:33Z">
      <class name="org.funjala.automation.web.pivotal.steps.login.loginRunner">
        <test-method status="PASS" signature="setUpClass()[pri:0, instance:org.funjala.automation.web.pivotal.steps.login.loginRunner@7f9a81e8]" name="setUpClass" is-config="true" duration-ms="394" started-at="2017-01-11T19:37:20Z" finished-at="2017-01-11T19:37:21Z">
          <reporter-output>
          </reporter-output>
        </test-method> <!-- setUpClass -->
        <test-method status="PASS" signature="feature(cucumber.api.testng.CucumberFeatureWrapper)[pri:0, instance:org.funjala.automation.web.pivotal.steps.login.loginRunner@7f9a81e8]" name="feature" duration-ms="11680" started-at="2017-01-11T19:37:21Z" description="Runs Cucumber Feature" data-provider="features" finished-at="2017-01-11T19:37:33Z">
          <params>
            <param index="0">
              <value>
                <![CDATA[Sign-In to Pivotal Tracker as a newly created user]]>
              </value>
            </param>
          </params>
          <reporter-output>
          </reporter-output>
        </test-method> <!-- feature -->
        <test-method status="PASS" signature="tearDownClass()[pri:0, instance:org.funjala.automation.web.pivotal.steps.login.loginRunner@7f9a81e8]" name="tearDownClass" is-config="true" duration-ms="8" started-at="2017-01-11T19:37:33Z" finished-at="2017-01-11T19:37:33Z">
          <reporter-output>
          </reporter-output>
        </test-method> <!-- tearDownClass -->
      </class> <!-- org.funjala.automation.web.pivotal.steps.login.loginRunner -->
    </test> <!-- Sign-In on Pivotal Tracker -->
  </suite> <!-- Cucumber Login -->
</testng-results>
